<?xml version="1.0" encoding="UTF-8" ?>
<testsuite tests="7" failures="0" name="com.app.moneytransfer.dao.TestUserDao" time="0.036" errors="0" skipped="0">
  <properties>
[...]
</properties>
  <testcase classname="com.app.moneytransfer.dao.TestUserDao" name="testGetAllUsers" time="0.001"/>
  <testcase classname="com.app.moneytransfer.dao.TestUserDao" name="testUpdateUser" time="0.012"/>
  <testcase classname="com.app.moneytransfer.dao.TestUserDao" name="testGetNonExistingUserByName" time="0.007"/>
  <testcase classname="com.app.moneytransfer.dao.TestUserDao" name="testCreateUser" time="0.003"/>
  <testcase classname="com.app.moneytransfer.dao.TestUserDao" name="testDeleteUser" time="0.007"/>
  <testcase classname="com.app.moneytransfer.dao.TestUserDao" name="testGetUserById" time="0.003"/>
  <testcase classname="com.app.moneytransfer.dao.TestUserDao" name="testGetNonExistingUserById" time="0.003"/>
</testsuite>